This file contains any messages produced by compilers while
running configure, to aid debugging if configure makes a mistake.

It was created by web100_userland configure 1.8, which was
generated by GNU Autoconf 2.61.  Invocation command line was

  $ ./configure 

## --------- ##
## Platform. ##
## --------- ##

hostname = artoo.mtv.corp.google.com
uname -m = x86_64
uname -r = 3.2.5-gg1336
uname -s = Linux
uname -v = #1 SMP Thu Aug 29 02:37:18 PDT 2013

/usr/bin/uname -p = unknown
/bin/uname -X     = unknown

/bin/arch              = unknown
/usr/bin/arch -k       = unknown
/usr/convex/getsysinfo = unknown
/usr/bin/hostinfo      = unknown
/bin/machine           = unknown
/usr/bin/oslevel       = unknown
/bin/universe          = unknown

PATH: /usr/local/google/home/dominich/bin
PATH: /usr/local/pythonbrew/bin
PATH: /usr/local/google/home/dominich/bin
PATH: /usr/lib/google-golang/bin
PATH: /usr/local/buildtools/java/jdk/bin
PATH: /usr/local/sbin
PATH: /usr/local/bin
PATH: /usr/sbin
PATH: /usr/bin
PATH: /sbin
PATH: /bin
PATH: /usr/local/google/home/dominich/bin
PATH: /usr/local/share/android-sdk-linux_86/tools
PATH: /usr/local/share/android-sdk/linux_86/platform_tools
PATH: /usr/local/google/home/dominich/sdk/dart/dart-sdk/bin
PATH: /usr/local/google/home/dominich/bin
PATH: /usr/local/share/android-sdk-linux_86/tools
PATH: /usr/local/share/android-sdk/linux_86/platform_tools
PATH: /usr/local/google/home/dominich/sdk/dart/dart-sdk/bin


## ----------- ##
## Core tests. ##
## ----------- ##

configure:2026: checking for a BSD-compatible install
configure:2082: result: /usr/bin/install -c
configure:2093: checking whether build environment is sane
configure:2136: result: yes
configure:2164: checking for a thread-safe mkdir -p
configure:2203: result: /bin/mkdir -p
configure:2216: checking for gawk
configure:2232: found /usr/bin/gawk
configure:2243: result: gawk
configure:2254: checking whether make sets $(MAKE)
configure:2275: result: yes
configure:2473: checking build system type
configure:2491: result: x86_64-unknown-linux-gnu
configure:2513: checking host system type
configure:2528: result: x86_64-unknown-linux-gnu
configure:2598: checking for gcc
configure:2614: found /usr/bin/gcc
configure:2625: result: gcc
configure:2863: checking for C compiler version
configure:2870: gcc --version >&5
gcc (Ubuntu/Linaro 4.6.3-1ubuntu5) 4.6.3
Copyright (C) 2011 Free Software Foundation, Inc.
This is free software; see the source for copying conditions.  There is NO
warranty; not even for MERCHANTABILITY or FITNESS FOR A PARTICULAR PURPOSE.

configure:2873: $? = 0
configure:2880: gcc -v >&5
Using built-in specs.
COLLECT_GCC=gcc
COLLECT_LTO_WRAPPER=/usr/lib/gcc/x86_64-linux-gnu/4.6/lto-wrapper
Target: x86_64-linux-gnu
Configured with: ../src/configure -v --with-pkgversion='Ubuntu/Linaro 4.6.3-1ubuntu5' --with-bugurl=file:///usr/share/doc/gcc-4.6/README.Bugs --enable-languages=c,c++,fortran,objc,obj-c++ --prefix=/usr --program-suffix=-4.6 --enable-shared --enable-linker-build-id --with-system-zlib --libexecdir=/usr/lib --without-included-gettext --enable-threads=posix --with-gxx-include-dir=/usr/include/c++/4.6 --libdir=/usr/lib --enable-nls --with-sysroot=/ --enable-clocale=gnu --enable-libstdcxx-debug --enable-libstdcxx-time=yes --enable-gnu-unique-object --enable-plugin --enable-objc-gc --disable-werror --with-arch-32=i686 --with-tune=generic --enable-checking=release --build=x86_64-linux-gnu --host=x86_64-linux-gnu --target=x86_64-linux-gnu
Thread model: posix
gcc version 4.6.3 (Ubuntu/Linaro 4.6.3-1ubuntu5) 
configure:2883: $? = 0
configure:2890: gcc -V >&5
gcc: error: unrecognized option '-V'
gcc: fatal error: no input files
compilation terminated.
configure:2893: $? = 4
configure:2916: checking for C compiler default output file name
configure:2943: gcc    conftest.c  >&5
configure:2946: $? = 0
configure:2984: result: a.out
configure:3001: checking whether the C compiler works
configure:3011: ./a.out
configure:3014: $? = 0
configure:3031: result: yes
configure:3038: checking whether we are cross compiling
configure:3040: result: no
configure:3043: checking for suffix of executables
configure:3050: gcc -o conftest    conftest.c  >&5
configure:3053: $? = 0
configure:3077: result: 
configure:3083: checking for suffix of object files
configure:3109: gcc -c   conftest.c >&5
configure:3112: $? = 0
configure:3135: result: o
configure:3139: checking whether we are using the GNU C compiler
configure:3168: gcc -c   conftest.c >&5
configure:3174: $? = 0
configure:3191: result: yes
configure:3196: checking whether gcc accepts -g
configure:3226: gcc -c -g  conftest.c >&5
configure:3232: $? = 0
configure:3331: result: yes
configure:3348: checking for gcc option to accept ISO C89
configure:3422: gcc  -c -g -O2  conftest.c >&5
configure:3428: $? = 0
configure:3451: result: none needed
configure:3480: checking for style of include used by make
configure:3508: result: GNU
configure:3533: checking dependency style of gcc
configure:3624: result: gcc3
configure:3640: checking for library containing strerror
configure:3681: gcc -o conftest -g -O2   conftest.c  >&5
configure:3687: $? = 0
configure:3715: result: none required
configure:3771: checking for gcc
configure:3798: result: gcc
configure:4036: checking for C compiler version
configure:4043: gcc --version >&5
gcc (Ubuntu/Linaro 4.6.3-1ubuntu5) 4.6.3
Copyright (C) 2011 Free Software Foundation, Inc.
This is free software; see the source for copying conditions.  There is NO
warranty; not even for MERCHANTABILITY or FITNESS FOR A PARTICULAR PURPOSE.

configure:4046: $? = 0
configure:4053: gcc -v >&5
Using built-in specs.
COLLECT_GCC=gcc
COLLECT_LTO_WRAPPER=/usr/lib/gcc/x86_64-linux-gnu/4.6/lto-wrapper
Target: x86_64-linux-gnu
Configured with: ../src/configure -v --with-pkgversion='Ubuntu/Linaro 4.6.3-1ubuntu5' --with-bugurl=file:///usr/share/doc/gcc-4.6/README.Bugs --enable-languages=c,c++,fortran,objc,obj-c++ --prefix=/usr --program-suffix=-4.6 --enable-shared --enable-linker-build-id --with-system-zlib --libexecdir=/usr/lib --without-included-gettext --enable-threads=posix --with-gxx-include-dir=/usr/include/c++/4.6 --libdir=/usr/lib --enable-nls --with-sysroot=/ --enable-clocale=gnu --enable-libstdcxx-debug --enable-libstdcxx-time=yes --enable-gnu-unique-object --enable-plugin --enable-objc-gc --disable-werror --with-arch-32=i686 --with-tune=generic --enable-checking=release --build=x86_64-linux-gnu --host=x86_64-linux-gnu --target=x86_64-linux-gnu
Thread model: posix
gcc version 4.6.3 (Ubuntu/Linaro 4.6.3-1ubuntu5) 
configure:4056: $? = 0
configure:4063: gcc -V >&5
gcc: error: unrecognized option '-V'
gcc: fatal error: no input files
compilation terminated.
configure:4066: $? = 4
configure:4069: checking whether we are using the GNU C compiler
configure:4121: result: yes
configure:4126: checking whether gcc accepts -g
configure:4261: result: yes
configure:4278: checking for gcc option to accept ISO C89
configure:4381: result: none needed
configure:4401: checking dependency style of gcc
configure:4492: result: gcc3
configure:4523: checking for a BSD-compatible install
configure:4579: result: /usr/bin/install -c
configure:4590: checking whether make sets $(MAKE)
configure:4611: result: yes
configure:4620: checking whether ln -s works
configure:4624: result: yes
configure:4641: checking for python
configure:4659: found /usr/bin/python
configure:4671: result: /usr/bin/python
configure:4694: checking for python version
configure:4701: result: 2.7
configure:4713: checking for python platform
configure:4720: result: linux2
configure:4727: checking for python script directory
configure:4735: result: ${prefix}/lib/python2.7/site-packages
configure:4744: checking for python extension module directory
configure:4752: result: ${exec_prefix}/lib/python2.7/site-packages
configure:4772: checking for Python include path
configure:4782: result: /usr/include/python2.7
configure:4793: checking for Python library path
configure:4803: result: /usr/lib/python2.7/config
configure:4819: checking python extra libraries
configure:4826: result: 
configure:4831: checking for swig
configure:4849: found /usr/bin/swig
configure:4861: result: /usr/bin/swig
configure:4872: checking for SWIG version
configure:4875: result: 2.0.4
configure:4913: WARNING: SWIG version >= 1.3.17 is required.  You have 2.0.4.  You should look at http://www.swig.org
configure:5017: checking for a sed that does not truncate output
configure:5071: result: /bin/sed
configure:5074: checking for grep that handles long lines and -e
configure:5148: result: /bin/grep
configure:5153: checking for egrep
configure:5231: result: /bin/grep -E
configure:5247: checking for ld used by gcc
configure:5314: result: /usr/bin/ld
configure:5323: checking if the linker (/usr/bin/ld) is GNU ld
configure:5338: result: yes
configure:5343: checking for /usr/bin/ld option to reload object files
configure:5350: result: -r
configure:5368: checking for BSD-compatible nm
configure:5417: result: /usr/bin/nm -B
configure:5421: checking how to recognise dependent libraries
configure:5597: result: pass_all
configure:5684: gcc -c -g -O2  conftest.c >&5
configure:5687: $? = 0
configure:5830: checking how to run the C preprocessor
configure:5870: gcc -E  conftest.c
configure:5876: $? = 0
configure:5907: gcc -E  conftest.c
conftest.c:10:28: fatal error: ac_nonexistent.h: No such file or directory
compilation terminated.
configure:5913: $? = 1
configure: failed program was:
| /* confdefs.h.  */
| #define PACKAGE_NAME "web100_userland"
| #define PACKAGE_TARNAME "web100_userland"
| #define PACKAGE_VERSION "1.8"
| #define PACKAGE_STRING "web100_userland 1.8"
| #define PACKAGE_BUGREPORT ""
| #define PACKAGE "web100_userland"
| #define VERSION "1.8"
| /* end confdefs.h.  */
| #include <ac_nonexistent.h>
configure:5946: result: gcc -E
configure:5975: gcc -E  conftest.c
configure:5981: $? = 0
configure:6012: gcc -E  conftest.c
conftest.c:10:28: fatal error: ac_nonexistent.h: No such file or directory
compilation terminated.
configure:6018: $? = 1
configure: failed program was:
| /* confdefs.h.  */
| #define PACKAGE_NAME "web100_userland"
| #define PACKAGE_TARNAME "web100_userland"
| #define PACKAGE_VERSION "1.8"
| #define PACKAGE_STRING "web100_userland 1.8"
| #define PACKAGE_BUGREPORT ""
| #define PACKAGE "web100_userland"
| #define VERSION "1.8"
| /* end confdefs.h.  */
| #include <ac_nonexistent.h>
configure:6056: checking for ANSI C header files
configure:6086: gcc -c -g -O2  conftest.c >&5
configure:6092: $? = 0
configure:6191: gcc -o conftest -g -O2   conftest.c  >&5
configure:6194: $? = 0
configure:6200: ./conftest
configure:6203: $? = 0
configure:6220: result: yes
configure:6244: checking for sys/types.h
configure:6265: gcc -c -g -O2  conftest.c >&5
configure:6271: $? = 0
configure:6287: result: yes
configure:6244: checking for sys/stat.h
configure:6265: gcc -c -g -O2  conftest.c >&5
configure:6271: $? = 0
configure:6287: result: yes
configure:6244: checking for stdlib.h
configure:6265: gcc -c -g -O2  conftest.c >&5
configure:6271: $? = 0
configure:6287: result: yes
configure:6244: checking for string.h
configure:6265: gcc -c -g -O2  conftest.c >&5
configure:6271: $? = 0
configure:6287: result: yes
configure:6244: checking for memory.h
configure:6265: gcc -c -g -O2  conftest.c >&5
configure:6271: $? = 0
configure:6287: result: yes
configure:6244: checking for strings.h
configure:6265: gcc -c -g -O2  conftest.c >&5
configure:6271: $? = 0
configure:6287: result: yes
configure:6244: checking for inttypes.h
configure:6265: gcc -c -g -O2  conftest.c >&5
configure:6271: $? = 0
configure:6287: result: yes
configure:6244: checking for stdint.h
configure:6265: gcc -c -g -O2  conftest.c >&5
configure:6271: $? = 0
configure:6287: result: yes
configure:6244: checking for unistd.h
configure:6265: gcc -c -g -O2  conftest.c >&5
configure:6271: $? = 0
configure:6287: result: yes
configure:6314: checking dlfcn.h usability
configure:6331: gcc -c -g -O2  conftest.c >&5
configure:6337: $? = 0
configure:6351: result: yes
configure:6355: checking dlfcn.h presence
configure:6370: gcc -E  conftest.c
configure:6376: $? = 0
configure:6390: result: yes
configure:6418: checking for dlfcn.h
configure:6426: result: yes
configure:6497: checking for g++
configure:6513: found /usr/bin/g++
configure:6524: result: g++
configure:6555: checking for C++ compiler version
configure:6562: g++ --version >&5
g++ (Ubuntu/Linaro 4.6.3-1ubuntu5) 4.6.3
Copyright (C) 2011 Free Software Foundation, Inc.
This is free software; see the source for copying conditions.  There is NO
warranty; not even for MERCHANTABILITY or FITNESS FOR A PARTICULAR PURPOSE.

configure:6565: $? = 0
configure:6572: g++ -v >&5
Using built-in specs.
COLLECT_GCC=g++
COLLECT_LTO_WRAPPER=/usr/lib/gcc/x86_64-linux-gnu/4.6/lto-wrapper
Target: x86_64-linux-gnu
Configured with: ../src/configure -v --with-pkgversion='Ubuntu/Linaro 4.6.3-1ubuntu5' --with-bugurl=file:///usr/share/doc/gcc-4.6/README.Bugs --enable-languages=c,c++,fortran,objc,obj-c++ --prefix=/usr --program-suffix=-4.6 --enable-shared --enable-linker-build-id --with-system-zlib --libexecdir=/usr/lib --without-included-gettext --enable-threads=posix --with-gxx-include-dir=/usr/include/c++/4.6 --libdir=/usr/lib --enable-nls --with-sysroot=/ --enable-clocale=gnu --enable-libstdcxx-debug --enable-libstdcxx-time=yes --enable-gnu-unique-object --enable-plugin --enable-objc-gc --disable-werror --with-arch-32=i686 --with-tune=generic --enable-checking=release --build=x86_64-linux-gnu --host=x86_64-linux-gnu --target=x86_64-linux-gnu
Thread model: posix
gcc version 4.6.3 (Ubuntu/Linaro 4.6.3-1ubuntu5) 
configure:6575: $? = 0
configure:6582: g++ -V >&5
g++: error: unrecognized option '-V'
g++: fatal error: no input files
compilation terminated.
configure:6585: $? = 4
configure:6588: checking whether we are using the GNU C++ compiler
configure:6617: g++ -c   conftest.cpp >&5
configure:6623: $? = 0
configure:6640: result: yes
configure:6645: checking whether g++ accepts -g
configure:6675: g++ -c -g  conftest.cpp >&5
configure:6681: $? = 0
configure:6780: result: yes
configure:6805: checking dependency style of g++
configure:6896: result: gcc3
configure:6921: checking how to run the C++ preprocessor
configure:6957: g++ -E  conftest.cpp
configure:6963: $? = 0
configure:6994: g++ -E  conftest.cpp
conftest.cpp:21:28: fatal error: ac_nonexistent.h: No such file or directory
compilation terminated.
configure:7000: $? = 1
configure: failed program was:
| /* confdefs.h.  */
| #define PACKAGE_NAME "web100_userland"
| #define PACKAGE_TARNAME "web100_userland"
| #define PACKAGE_VERSION "1.8"
| #define PACKAGE_STRING "web100_userland 1.8"
| #define PACKAGE_BUGREPORT ""
| #define PACKAGE "web100_userland"
| #define VERSION "1.8"
| #define STDC_HEADERS 1
| #define HAVE_SYS_TYPES_H 1
| #define HAVE_SYS_STAT_H 1
| #define HAVE_STDLIB_H 1
| #define HAVE_STRING_H 1
| #define HAVE_MEMORY_H 1
| #define HAVE_STRINGS_H 1
| #define HAVE_INTTYPES_H 1
| #define HAVE_STDINT_H 1
| #define HAVE_UNISTD_H 1
| #define HAVE_DLFCN_H 1
| /* end confdefs.h.  */
| #include <ac_nonexistent.h>
configure:7033: result: g++ -E
configure:7062: g++ -E  conftest.cpp
configure:7068: $? = 0
configure:7099: g++ -E  conftest.cpp
conftest.cpp:21:28: fatal error: ac_nonexistent.h: No such file or directory
compilation terminated.
configure:7105: $? = 1
configure: failed program was:
| /* confdefs.h.  */
| #define PACKAGE_NAME "web100_userland"
| #define PACKAGE_TARNAME "web100_userland"
| #define PACKAGE_VERSION "1.8"
| #define PACKAGE_STRING "web100_userland 1.8"
| #define PACKAGE_BUGREPORT ""
| #define PACKAGE "web100_userland"
| #define VERSION "1.8"
| #define STDC_HEADERS 1
| #define HAVE_SYS_TYPES_H 1
| #define HAVE_SYS_STAT_H 1
| #define HAVE_STDLIB_H 1
| #define HAVE_STRING_H 1
| #define HAVE_MEMORY_H 1
| #define HAVE_STRINGS_H 1
| #define HAVE_INTTYPES_H 1
| #define HAVE_STDINT_H 1
| #define HAVE_UNISTD_H 1
| #define HAVE_DLFCN_H 1
| /* end confdefs.h.  */
| #include <ac_nonexistent.h>
configure:7198: checking for g77
configure:7228: result: no
configure:7198: checking for xlf
configure:7228: result: no
configure:7198: checking for f77
configure:7228: result: no
configure:7198: checking for frt
configure:7228: result: no
configure:7198: checking for pgf77
configure:7228: result: no
configure:7198: checking for cf77
configure:7228: result: no
configure:7198: checking for fort77
configure:7228: result: no
configure:7198: checking for fl32
configure:7228: result: no
configure:7198: checking for af77
configure:7228: result: no
configure:7198: checking for xlf90
configure:7228: result: no
configure:7198: checking for f90
configure:7228: result: no
configure:7198: checking for pgf90
configure:7228: result: no
configure:7198: checking for pghpf
configure:7228: result: no
configure:7198: checking for epcf90
configure:7228: result: no
configure:7198: checking for gfortran
configure:7228: result: no
configure:7198: checking for g95
configure:7228: result: no
configure:7198: checking for xlf95
configure:7228: result: no
configure:7198: checking for f95
configure:7228: result: no
configure:7198: checking for fort
configure:7228: result: no
configure:7198: checking for ifort
configure:7228: result: no
configure:7198: checking for ifc
configure:7228: result: no
configure:7198: checking for efc
configure:7228: result: no
configure:7198: checking for pgf95
configure:7228: result: no
configure:7198: checking for lf95
configure:7228: result: no
configure:7198: checking for ftn
configure:7228: result: no
configure:7255: checking for Fortran 77 compiler version
configure:7262:  --version >&5
./configure: line 7263: --version: command not found
configure:7265: $? = 127
configure:7272:  -v >&5
./configure: line 7273: -v: command not found
configure:7275: $? = 127
configure:7282:  -V >&5
./configure: line 7283: -V: command not found
configure:7285: $? = 127
configure:7293: checking whether we are using the GNU Fortran 77 compiler
configure:7312:  -c  conftest.F >&5
./configure: line 7313: -c: command not found
configure:7318: $? = 127
configure: failed program was:
|       program main
| #ifndef __GNUC__
|        choke me
| #endif
| 
|       end
configure:7335: result: no
configure:7341: checking whether  accepts -g
configure:7358:  -c -g conftest.f >&5
./configure: line 7359: -c: command not found
configure:7364: $? = 127
configure: failed program was:
|       program main
| 
|       end
configure:7380: result: no
configure:7410: checking the maximum length of command line arguments
configure:7519: result: 131072
configure:7530: checking command to parse /usr/bin/nm -B output from gcc object
configure:7635: gcc -c -g -O2  conftest.c >&5
configure:7638: $? = 0
configure:7642: /usr/bin/nm -B conftest.o \| sed -n -e 's/^.*[ 	]\([ABCDGIRSTW][ABCDGIRSTW]*\)[ 	][ 	]*\([_A-Za-z][_A-Za-z0-9]*\)$/\1 \2 \2/p' \> conftest.nm
configure:7645: $? = 0
configure:7697: gcc -o conftest -g -O2   conftest.c conftstm.o >&5
configure:7700: $? = 0
configure:7738: result: ok
configure:7742: checking for objdir
configure:7757: result: .libs
configure:7849: checking for ar
configure:7865: found /usr/bin/ar
configure:7876: result: ar
configure:7945: checking for ranlib
configure:7961: found /usr/bin/ranlib
configure:7972: result: ranlib
configure:8041: checking for strip
configure:8057: found /usr/bin/strip
configure:8068: result: strip
configure:8354: checking if gcc supports -fno-rtti -fno-exceptions
configure:8372: gcc -c -g -O2  -fno-rtti -fno-exceptions conftest.c >&5
cc1: warning: command line option '-fno-rtti' is valid for C++/ObjC++ but not for C [enabled by default]
configure:8376: $? = 0
configure:8389: result: no
configure:8404: checking for gcc option to produce PIC
configure:8614: result: -fPIC
configure:8622: checking if gcc PIC flag -fPIC works
configure:8640: gcc -c -g -O2  -fPIC -DPIC conftest.c >&5
configure:8644: $? = 0
configure:8657: result: yes
configure:8685: checking if gcc static flag -static works
configure:8713: result: yes
configure:8723: checking if gcc supports -c -o file.o
configure:8744: gcc -c -g -O2  -o out/conftest2.o conftest.c >&5
configure:8748: $? = 0
configure:8770: result: yes
configure:8796: checking whether the gcc linker (/usr/bin/ld -m elf_x86_64) supports shared libraries
configure:9751: result: yes
configure:9772: checking whether -lc should be explicitly linked in
configure:9777: gcc -c -g -O2  conftest.c >&5
configure:9780: $? = 0
configure:9795: gcc -shared conftest.o  -v -Wl,-soname -Wl,conftest -o conftest 2\>\&1 \| grep  -lc  \>/dev/null 2\>\&1
configure:9798: $? = 0
configure:9810: result: no
configure:9818: checking dynamic linker characteristics
configure:10394: result: GNU/Linux ld.so
configure:10403: checking how to hardcode library paths into programs
configure:10428: result: immediate
configure:10442: checking whether stripping libraries is possible
configure:10447: result: yes
configure:11248: checking if libtool supports shared libraries
configure:11250: result: yes
configure:11253: checking whether to build shared libraries
configure:11274: result: yes
configure:11277: checking whether to build static libraries
configure:11281: result: yes
configure:11373: creating libtool
configure:11961: checking for ld used by g++
configure:12028: result: /usr/bin/ld -m elf_x86_64
configure:12037: checking if the linker (/usr/bin/ld -m elf_x86_64) is GNU ld
configure:12052: result: yes
configure:12103: checking whether the g++ linker (/usr/bin/ld -m elf_x86_64) supports shared libraries
configure:13037: result: yes
configure:13055: g++ -c -g -O2  conftest.cpp >&5
configure:13058: $? = 0
configure:13177: checking for g++ option to produce PIC
configure:13451: result: -fPIC
configure:13459: checking if g++ PIC flag -fPIC works
configure:13477: g++ -c -g -O2  -fPIC -DPIC conftest.cpp >&5
configure:13481: $? = 0
configure:13494: result: yes
configure:13522: checking if g++ static flag -static works
configure:13550: result: yes
configure:13560: checking if g++ supports -c -o file.o
configure:13581: g++ -c -g -O2  -o out/conftest2.o conftest.cpp >&5
configure:13585: $? = 0
configure:13607: result: yes
configure:13633: checking whether the g++ linker (/usr/bin/ld -m elf_x86_64) supports shared libraries
configure:13661: result: yes
configure:13728: checking dynamic linker characteristics
configure:14304: result: GNU/Linux ld.so
configure:14313: checking how to hardcode library paths into programs
configure:14338: result: immediate
configure:20521: checking for pkg-config
configure:20539: found /usr/bin/pkg-config
configure:20552: result: /usr/bin/pkg-config
configure:20574: checking for GTK+ - version >= 2.0.0
configure:20694: gcc -o conftest -g -O2 -pthread -I/usr/include/gtk-2.0 -I/usr/lib/x86_64-linux-gnu/gtk-2.0/include -I/usr/include/atk-1.0 -I/usr/include/cairo -I/usr/include/gdk-pixbuf-2.0 -I/usr/include/pango-1.0 -I/usr/include/gio-unix-2.0/ -I/usr/include/glib-2.0 -I/usr/lib/x86_64-linux-gnu/glib-2.0/include -I/usr/include/pixman-1 -I/usr/include/freetype2 -I/usr/include/libpng12     conftest.c -lgtk-x11-2.0 -lgdk-x11-2.0 -latk-1.0 -lgio-2.0 -lpangoft2-1.0 -lpangocairo-1.0 -lgdk_pixbuf-2.0 -lcairo -lpango-1.0 -lfreetype -lfontconfig -lgobject-2.0 -lglib-2.0    >&5
conftest.c: In function 'main':
conftest.c:32:10: warning: ignoring return value of 'system', declared with attribute warn_unused_result [-Wunused-result]
configure:20697: $? = 0
configure:20703: ./conftest
configure:20706: $? = 0
configure:20726: result: yes (version 2.24.10)
configure:20844: checking malloc.h usability
configure:20861: gcc -c -g -O2  conftest.c >&5
configure:20867: $? = 0
configure:20881: result: yes
configure:20885: checking malloc.h presence
configure:20900: gcc -E  conftest.c
configure:20906: $? = 0
configure:20920: result: yes
configure:20948: checking for malloc.h
configure:20955: result: yes
configure:20970: checking for socklen_t
configure:20997: gcc -c -g -O2  conftest.c >&5
configure:21003: $? = 0
configure:21020: result: yes
configure:21073: checking whether /usr/bin/python version >= 1.6
configure:21082: /usr/bin/python -c import sys, string # split strings by '.' and convert to numeric. Append some zeros # because we need at least 4 digits for the hex conversion. minver = map(int, string.split('1.6', '.')) + [0, 0, 0] minverhex = 0 for i in xrange(0, 4): minverhex = (minverhex << 8) + minver[i] sys.exit(sys.hexversion < minverhex)
configure:21085: $? = 0
configure:21087: result: yes
configure:21182: checking for /usr/bin/python version
configure:21189: result: 2.7
configure:21201: checking for /usr/bin/python platform
configure:21208: result: linux2
configure:21215: checking for /usr/bin/python script directory
configure:21223: result: ${prefix}/lib/python2.7/site-packages
configure:21232: checking for /usr/bin/python extension module directory
configure:21240: result: ${exec_prefix}/lib/python2.7/site-packages
configure:21265: checking whether make is GNU make
configure:21272: result: yes
configure:21427: creating ./config.status

## ---------------------- ##
## Running config.status. ##
## ---------------------- ##

This file was extended by web100_userland config.status 1.8, which was
generated by GNU Autoconf 2.61.  Invocation command line was

  CONFIG_FILES    = 
  CONFIG_HEADERS  = 
  CONFIG_LINKS    = 
  CONFIG_COMMANDS = 
  $ ./config.status 

on artoo.mtv.corp.google.com

config.status:706: creating Makefile
config.status:706: creating doc/Makefile
config.status:706: creating doc/man/Makefile
config.status:706: creating doc/man/man1/Makefile
config.status:706: creating doc/man/man3/Makefile
config.status:706: creating doc/man/man7/Makefile
config.status:692: error: cannot find input file: lib/Makefile.in

## ---------------- ##
## Cache variables. ##
## ---------------- ##

ac_cv_build=x86_64-unknown-linux-gnu
ac_cv_c_compiler_gnu=yes
ac_cv_cxx_compiler_gnu=yes
ac_cv_env_CCC_set=
ac_cv_env_CCC_value=
ac_cv_env_CC_set=
ac_cv_env_CC_value=
ac_cv_env_CFLAGS_set=
ac_cv_env_CFLAGS_value=
ac_cv_env_CPPFLAGS_set=
ac_cv_env_CPPFLAGS_value=
ac_cv_env_CPP_set=
ac_cv_env_CPP_value=
ac_cv_env_CXXCPP_set=
ac_cv_env_CXXCPP_value=
ac_cv_env_CXXFLAGS_set=
ac_cv_env_CXXFLAGS_value=
ac_cv_env_CXX_set=
ac_cv_env_CXX_value=
ac_cv_env_F77_set=
ac_cv_env_F77_value=
ac_cv_env_FFLAGS_set=
ac_cv_env_FFLAGS_value=
ac_cv_env_LDFLAGS_set=
ac_cv_env_LDFLAGS_value=
ac_cv_env_LIBS_set=
ac_cv_env_LIBS_value=
ac_cv_env_build_alias_set=
ac_cv_env_build_alias_value=
ac_cv_env_host_alias_set=
ac_cv_env_host_alias_value=
ac_cv_env_target_alias_set=
ac_cv_env_target_alias_value=
ac_cv_f77_compiler_gnu=no
ac_cv_header_dlfcn_h=yes
ac_cv_header_inttypes_h=yes
ac_cv_header_malloc_h=yes
ac_cv_header_memory_h=yes
ac_cv_header_stdc=yes
ac_cv_header_stdint_h=yes
ac_cv_header_stdlib_h=yes
ac_cv_header_string_h=yes
ac_cv_header_strings_h=yes
ac_cv_header_sys_stat_h=yes
ac_cv_header_sys_types_h=yes
ac_cv_header_unistd_h=yes
ac_cv_host=x86_64-unknown-linux-gnu
ac_cv_objext=o
ac_cv_path_EGREP='/bin/grep -E'
ac_cv_path_GREP=/bin/grep
ac_cv_path_PKG_CONFIG=/usr/bin/pkg-config
ac_cv_path_PYTHON=/usr/bin/python
ac_cv_path_SWIG=/usr/bin/swig
ac_cv_path_install='/usr/bin/install -c'
ac_cv_path_mkdir=/bin/mkdir
ac_cv_prog_AWK=gawk
ac_cv_prog_CPP='gcc -E'
ac_cv_prog_CXXCPP='g++ -E'
ac_cv_prog_ac_ct_AR=ar
ac_cv_prog_ac_ct_CC=gcc
ac_cv_prog_ac_ct_CXX=g++
ac_cv_prog_ac_ct_RANLIB=ranlib
ac_cv_prog_ac_ct_STRIP=strip
ac_cv_prog_cc_c89=
ac_cv_prog_cc_g=yes
ac_cv_prog_cxx_g=yes
ac_cv_prog_f77_g=no
ac_cv_prog_make_make_set=yes
ac_cv_search_strerror='none required'
ac_cv_type_socklen_t=yes
am_cv_CC_dependencies_compiler_type=gcc3
am_cv_CXX_dependencies_compiler_type=gcc3
am_cv_prog_cc_stdc=
am_cv_python_platform=linux2
am_cv_python_pyexecdir='${exec_prefix}/lib/python2.7/site-packages'
am_cv_python_pythondir='${prefix}/lib/python2.7/site-packages'
am_cv_python_version=2.7
lt_cv_deplibs_check_method=pass_all
lt_cv_file_magic_cmd='$MAGIC_CMD'
lt_cv_file_magic_test_file=
lt_cv_ld_reload_flag=-r
lt_cv_objdir=.libs
lt_cv_path_LD=/usr/bin/ld
lt_cv_path_LDCXX='/usr/bin/ld -m elf_x86_64'
lt_cv_path_NM='/usr/bin/nm -B'
lt_cv_path_SED=/bin/sed
lt_cv_prog_compiler_c_o=yes
lt_cv_prog_compiler_c_o_CXX=yes
lt_cv_prog_compiler_rtti_exceptions=no
lt_cv_prog_gnu_ld=yes
lt_cv_prog_gnu_ldcxx=yes
lt_cv_sys_global_symbol_pipe='sed -n -e '\''s/^.*[ 	]\([ABCDGIRSTW][ABCDGIRSTW]*\)[ 	][ 	]*\([_A-Za-z][_A-Za-z0-9]*\)$/\1 \2 \2/p'\'''
lt_cv_sys_global_symbol_to_c_name_address='sed -n -e '\''s/^: \([^ ]*\) $/  {\"\1\", (lt_ptr) 0},/p'\'' -e '\''s/^[BCDEGRST] \([^ ]*\) \([^ ]*\)$/  {"\2", (lt_ptr) \&\2},/p'\'''
lt_cv_sys_global_symbol_to_cdecl='sed -n -e '\''s/^. .* \(.*\)$/extern int \1;/p'\'''
lt_cv_sys_max_cmd_len=131072
lt_lt_cv_prog_compiler_c_o='"yes"'
lt_lt_cv_prog_compiler_c_o_CXX='"yes"'
lt_lt_cv_sys_global_symbol_pipe='"sed -n -e '\''s/^.*[ 	]\\([ABCDGIRSTW][ABCDGIRSTW]*\\)[ 	][ 	]*\\([_A-Za-z][_A-Za-z0-9]*\\)\$/\\1 \\2 \\2/p'\''"'
lt_lt_cv_sys_global_symbol_to_c_name_address='"sed -n -e '\''s/^: \\([^ ]*\\) \$/  {\\\"\\1\\\", (lt_ptr) 0},/p'\'' -e '\''s/^[BCDEGRST] \\([^ ]*\\) \\([^ ]*\\)\$/  {\"\\2\", (lt_ptr) \\&\\2},/p'\''"'
lt_lt_cv_sys_global_symbol_to_cdecl='"sed -n -e '\''s/^. .* \\(.*\\)\$/extern int \\1;/p'\''"'

## ----------------- ##
## Output variables. ##
## ----------------- ##

ACLOCAL='${SHELL} /usr/local/google/home/dominich/git/web100_userland-debian/web100_userland-1.8/missing --run aclocal-1.10'
AMDEPBACKSLASH='\'
AMDEP_FALSE='#'
AMDEP_TRUE=''
AMTAR='${SHELL} /usr/local/google/home/dominich/git/web100_userland-debian/web100_userland-1.8/missing --run tar'
AR='ar'
AUTOCONF='${SHELL} /usr/local/google/home/dominich/git/web100_userland-debian/web100_userland-1.8/missing --run autoconf'
AUTOHEADER='${SHELL} /usr/local/google/home/dominich/git/web100_userland-debian/web100_userland-1.8/missing --run autoheader'
AUTOMAKE='${SHELL} /usr/local/google/home/dominich/git/web100_userland-debian/web100_userland-1.8/missing --run automake-1.10'
AWK='gawk'
BUILD_GTK_TOOLS_FALSE='#'
BUILD_GTK_TOOLS_TRUE=''
BUILD_PYTHON_FALSE='#'
BUILD_PYTHON_TRUE=''
CC='gcc'
CCDEPMODE='depmode=gcc3'
CFLAGS='-g -O2'
CPP='gcc -E'
CPPFLAGS=''
CXX='g++'
CXXCPP='g++ -E'
CXXDEPMODE='depmode=gcc3'
CXXFLAGS='-g -O2'
CYGPATH_W='echo'
DEFS='-DHAVE_CONFIG_H'
DEPDIR='.deps'
ECHO='echo'
ECHO_C=''
ECHO_N='-n'
ECHO_T=''
EGREP='/bin/grep -E'
EXEEXT=''
F77=''
FFLAGS=''
GREP='/bin/grep'
GTK_CFLAGS='-pthread -I/usr/include/gtk-2.0 -I/usr/lib/x86_64-linux-gnu/gtk-2.0/include -I/usr/include/atk-1.0 -I/usr/include/cairo -I/usr/include/gdk-pixbuf-2.0 -I/usr/include/pango-1.0 -I/usr/include/gio-unix-2.0/ -I/usr/include/glib-2.0 -I/usr/lib/x86_64-linux-gnu/glib-2.0/include -I/usr/include/pixman-1 -I/usr/include/freetype2 -I/usr/include/libpng12  '
GTK_LIBS='-lgtk-x11-2.0 -lgdk-x11-2.0 -latk-1.0 -lgio-2.0 -lpangoft2-1.0 -lpangocairo-1.0 -lgdk_pixbuf-2.0 -lcairo -lpango-1.0 -lfreetype -lfontconfig -lgobject-2.0 -lglib-2.0  '
INSTALL_DATA='${INSTALL} -m 644'
INSTALL_PROGRAM='${INSTALL}'
INSTALL_SCRIPT='${INSTALL}'
INSTALL_STRIP_PROGRAM='$(install_sh) -c -s'
LDFLAGS=''
LIBOBJS=''
LIBS=''
LIBTOOL='$(SHELL) $(top_builddir)/libtool'
LN_S='ln -s'
LTLIBOBJS=''
LT_AGE='3'
LT_CURRENT='3'
LT_REVISION='3'
MAKEINFO='${SHELL} /usr/local/google/home/dominich/git/web100_userland-debian/web100_userland-1.8/missing --run makeinfo'
OBJEXT='o'
PACKAGE='web100_userland'
PACKAGE_BUGREPORT=''
PACKAGE_NAME='web100_userland'
PACKAGE_STRING='web100_userland 1.8'
PACKAGE_TARNAME='web100_userland'
PACKAGE_VERSION='1.8'
PATH_SEPARATOR=':'
PKG_CONFIG='/usr/bin/pkg-config'
PYTHON='/usr/bin/python'
PYTHON_CPPFLAGS='-I/usr/include/python2.7'
PYTHON_EXEC_PREFIX='${exec_prefix}'
PYTHON_EXTRA_LIBS='-lssl -lcrypto  -lssl -lcrypto      -L/usr/lib -lz -lpthread -ldl  -lutil'
PYTHON_LDFLAGS='-L/usr/lib/python2.7/config -lpython2.7'
PYTHON_PLATFORM='linux2'
PYTHON_PREFIX='${prefix}'
PYTHON_SITE_PKG='/usr/lib/python2.7/site-packages'
PYTHON_VERSION='2.7'
RANLIB='ranlib'
SET_MAKE=''
SHELL='/bin/sh'
STRIP='strip'
STRIP_BEGIN='$(strip $(STRIP_DUMMY)'
STRIP_DUMMY=''
STRIP_END=')'
SWIG='echo "Error: SWIG version >= 1.3.17 is required.  You have 2.0.4.  You should look at http://www.swig.org" ; false -noruntime'
SWIG_LIB=''
SWIG_PYTHON_CPPFLAGS='-I/usr/include/python2.7'
SWIG_PYTHON_OPT='-python'
VERSION='1.8'
WEB100_CONF_DIR='${prefix}/etc'
WEB100_DOC_DIR='NONE/doc/web100'
WEB100_IMAGE_DIR='${datarootdir}/web100'
WEB100_INCLUDE_DIR='${prefix}/include'
WEB100_VERSION='1.8'
ac_ct_CC='gcc'
ac_ct_CXX='g++'
ac_ct_F77=''
am__fastdepCC_FALSE='#'
am__fastdepCC_TRUE=''
am__fastdepCXX_FALSE='#'
am__fastdepCXX_TRUE=''
am__include='include'
am__isrc=''
am__leading_dot='.'
am__quote=''
am__tar='${AMTAR} chof - "$$tardir"'
am__untar='${AMTAR} xf -'
bindir='${exec_prefix}/bin'
build='x86_64-unknown-linux-gnu'
build_alias=''
build_cpu='x86_64'
build_os='linux-gnu'
build_vendor='unknown'
datadir='${datarootdir}'
datarootdir='${prefix}/share'
docdir='${datarootdir}/doc/${PACKAGE_TARNAME}'
dvidir='${docdir}'
exec_prefix='${prefix}'
host='x86_64-unknown-linux-gnu'
host_alias=''
host_cpu='x86_64'
host_os='linux-gnu'
host_vendor='unknown'
htmldir='${docdir}'
includedir='${prefix}/include'
infodir='${datarootdir}/info'
install_sh='$(SHELL) /usr/local/google/home/dominich/git/web100_userland-debian/web100_userland-1.8/install-sh'
libdir='${exec_prefix}/lib'
libexecdir='${exec_prefix}/libexec'
localedir='${datarootdir}/locale'
localstatedir='${prefix}/var'
mandir='${datarootdir}/man'
mkdir_p='/bin/mkdir -p'
oldincludedir='/usr/include'
pdfdir='${docdir}'
pkgpyexecdir='${pyexecdir}/web100_userland'
pkgpythondir='${pythondir}/web100_userland'
prefix='/usr/local'
program_transform_name='s,x,x,'
psdir='${docdir}'
pyexecdir='${exec_prefix}/lib/python2.7/site-packages'
pythondir='${prefix}/lib/python2.7/site-packages'
sbindir='${exec_prefix}/sbin'
sharedstatedir='${prefix}/com'
sysconfdir='${prefix}/etc'
target_alias=''

## ----------- ##
## confdefs.h. ##
## ----------- ##

#define PACKAGE_NAME "web100_userland"
#define PACKAGE_TARNAME "web100_userland"
#define PACKAGE_VERSION "1.8"
#define PACKAGE_STRING "web100_userland 1.8"
#define PACKAGE_BUGREPORT ""
#define PACKAGE "web100_userland"
#define VERSION "1.8"
#define STDC_HEADERS 1
#define HAVE_SYS_TYPES_H 1
#define HAVE_SYS_STAT_H 1
#define HAVE_STDLIB_H 1
#define HAVE_STRING_H 1
#define HAVE_MEMORY_H 1
#define HAVE_STRINGS_H 1
#define HAVE_INTTYPES_H 1
#define HAVE_STDINT_H 1
#define HAVE_UNISTD_H 1
#define HAVE_DLFCN_H 1
#define GTK2 1
#define HAVE_MALLOC_H 1
#define NDEBUG 1

configure: exit 1
